<?xml version="1.0" encoding="UTF-8"?>
<testng-results skipped="0" failed="0" total="1" passed="1">
  <reporter-output>
  </reporter-output>
  <suite name="Default suite" duration-ms="14968" started-at="2017-02-28T07:36:17Z" finished-at="2017-02-28T07:36:32Z">
    <groups>
    </groups>
    <test name="Default test" duration-ms="14968" started-at="2017-02-28T07:36:17Z" finished-at="2017-02-28T07:36:32Z">
      <class name="testNGTestCases.WDDemoForScreenshot">
        <test-method status="PASS" signature="testTakeScreenShot()[pri:0, instance:testNGTestCases.WDDemoForScreenshot@e54f3]" name="testTakeScreenShot" duration-ms="14931" started-at="2017-02-28T13:06:17Z" finished-at="2017-02-28T13:06:32Z">
          <reporter-output>
          </reporter-output>
        </test-method> <!-- testTakeScreenShot -->
      </class> <!-- testNGTestCases.WDDemoForScreenshot -->
    </test> <!-- Default test -->
  </suite> <!-- Default suite -->
</testng-results>
